Database tables initialized successfully
Server starting on :8080
2025/07/11 16:55:41 Buscando participantes para o desafio 3
2025/07/11 16:55:41 Participante encontrado: ID=16, UserID=4, Username=Geraldo Silva
2025/07/11 16:55:41 Erro ao escanear participante: sql: Scan error on column index 4, name "notes": converting NULL to string is unsupported
2025/07/11 16:55:41 Total de participantes encontrados: 1
2025/07/11 16:55:44 Buscando participantes para o desafio 2
2025/07/11 16:55:44 Participante encontrado: ID=19, UserID=1, Username=Francisco Klaus
2025/07/11 16:55:44 Erro ao escanear participante: sql: Scan error on column index 4, name "notes": converting NULL to string is unsupported
2025/07/11 16:55:44 Erro ao escanear participante: sql: Scan error on column index 4, name "notes": converting NULL to string is unsupported
2025/07/11 16:55:44 Total de participantes encontrados: 1
2025/07/11 16:55:44 Buscando participantes para o desafio 2
2025/07/11 16:55:44 Participante encontrado: ID=19, UserID=1, Username=Francisco Klaus
2025/07/11 16:55:44 Erro ao escanear participante: sql: Scan error on column index 4, name "notes": converting NULL to string is unsupported
2025/07/11 16:55:44 Erro ao escanear participante: sql: Scan error on column index 4, name "notes": converting NULL to string is unsupported
2025/07/11 16:55:44 Total de participantes encontrados: 1
2025/07/11 16:55:44 Buscando participantes para o desafio 2
2025/07/11 16:55:44 Participante encontrado: ID=19, UserID=1, Username=Francisco Klaus
2025/07/11 16:55:44 Erro ao escanear participante: sql: Scan error on column index 4, name "notes": converting NULL to string is unsupported
2025/07/11 16:55:44 Erro ao escanear participante: sql: Scan error on column index 4, name "notes": converting NULL to string is unsupported
2025/07/11 16:55:44 Total de participantes encontrados: 1
2025/07/11 16:56:10 Buscando participantes para o desafio 3
2025/07/11 16:56:10 Participante encontrado: ID=16, UserID=4, Username=Geraldo Silva
2025/07/11 16:56:10 Erro ao escanear participante: sql: Scan error on column index 4, name "notes": converting NULL to string is unsupported
2025/07/11 16:56:10 Total de participantes encontrados: 1
2025/07/11 16:56:35 Buscando participantes para o desafio 2
2025/07/11 16:56:35 Participante encontrado: ID=19, UserID=1, Username=Francisco Klaus
2025/07/11 16:56:35 Erro ao escanear participante: sql: Scan error on column index 4, name "notes": converting NULL to string is unsupported
2025/07/11 16:56:35 Erro ao escanear participante: sql: Scan error on column index 4, name "notes": converting NULL to string is unsupported
2025/07/11 16:56:35 Total de participantes encontrados: 1
2025/07/11 16:56:35 Buscando participantes para o desafio 2
2025/07/11 16:56:35 Participante encontrado: ID=19, UserID=1, Username=Francisco Klaus
2025/07/11 16:56:35 Erro ao escanear participante: sql: Scan error on column index 4, name "notes": converting NULL to string is unsupported
2025/07/11 16:56:35 Erro ao escanear participante: sql: Scan error on column index 4, name "notes": converting NULL to string is unsupported
2025/07/11 16:56:35 Total de participantes encontrados: 1
2025/07/11 16:56:35 Buscando participantes para o desafio 2
2025/07/11 16:56:35 Participante encontrado: ID=19, UserID=1, Username=Francisco Klaus
2025/07/11 16:56:35 Erro ao escanear participante: sql: Scan error on column index 4, name "notes": converting NULL to string is unsupported
2025/07/11 16:56:35 Erro ao escanear participante: sql: Scan error on column index 4, name "notes": converting NULL to string is unsupported
2025/07/11 16:56:35 Total de participantes encontrados: 1
